<?xml version="1.0" encoding="UTF-8"?>
<!-- Generated by org.testng.reporters.JUnitXMLReporter -->
<testsuite ignored="0" hostname="TazinsPc" failures="4" tests="4" name="Default test" time="29.725" errors="0" timestamp="13 May 2023 20:11:55 GMT">
  <testcase classname="io.cucumber.testng.AbstractTestNGCucumberTests" name="runScenario" time="10.225">
    <failure type="java.lang.NullPointerException" message="Cannot invoke &amp;quot;org.openqa.selenium.WebDriver.findElement(org.openqa.selenium.By)&amp;quot; because &amp;quot;com.smarttechqa.stepdef.NegativeLoginStepDefinition.driver&amp;quot; is null">
      <![CDATA[java.lang.NullPointerException: Cannot invoke "org.openqa.selenium.WebDriver.findElement(org.openqa.selenium.By)" because "com.smarttechqa.stepdef.NegativeLoginStepDefinition.driver" is null
at com.smarttechqa.stepdef.NegativeLoginStepDefinition.i_click_on_the_sign_in_button_on_homepage(NegativeLoginStepDefinition.java:25)
at ✽.I click on the sign in button on homepage(file:///C:/Users/tazin/git/repository/Techshop_Project/Features/NegativeTestingLogin.feature:7)
]]>
    </failure>
  </testcase> <!-- runScenario -->
  <testcase classname="io.cucumber.testng.AbstractTestNGCucumberTests" name="runScenario" time="3.032">
    <failure type="java.lang.NullPointerException" message="Cannot invoke &amp;quot;org.openqa.selenium.WebDriver.findElement(org.openqa.selenium.By)&amp;quot; because &amp;quot;com.smarttechqa.stepdef.NegativeLoginStepDefinition.driver&amp;quot; is null">
      <![CDATA[java.lang.NullPointerException: Cannot invoke "org.openqa.selenium.WebDriver.findElement(org.openqa.selenium.By)" because "com.smarttechqa.stepdef.NegativeLoginStepDefinition.driver" is null
at com.smarttechqa.stepdef.NegativeLoginStepDefinition.i_click_on_the_sign_in_button_on_homepage(NegativeLoginStepDefinition.java:25)
at ✽.I click on the sign in button on homepage(file:///C:/Users/tazin/git/repository/Techshop_Project/Features/NegativeTestingLogin.feature:7)
]]>
    </failure>
  </testcase> <!-- runScenario -->
  <testcase classname="io.cucumber.testng.AbstractTestNGCucumberTests" name="runScenario" time="2.775">
    <failure type="java.lang.NullPointerException" message="Cannot invoke &amp;quot;org.openqa.selenium.WebDriver.findElement(org.openqa.selenium.By)&amp;quot; because &amp;quot;com.smarttechqa.stepdef.NegativeLoginStepDefinition.driver&amp;quot; is null">
      <![CDATA[java.lang.NullPointerException: Cannot invoke "org.openqa.selenium.WebDriver.findElement(org.openqa.selenium.By)" because "com.smarttechqa.stepdef.NegativeLoginStepDefinition.driver" is null
at com.smarttechqa.stepdef.NegativeLoginStepDefinition.i_click_on_the_sign_in_button_on_homepage(NegativeLoginStepDefinition.java:25)
at ✽.I click on the sign in button on homepage(file:///C:/Users/tazin/git/repository/Techshop_Project/Features/NegativeTestingLogin.feature:7)
]]>
    </failure>
  </testcase> <!-- runScenario -->
  <testcase classname="io.cucumber.testng.AbstractTestNGCucumberTests" name="runScenario" time="12.7">
    <failure type="java.lang.NullPointerException" message="Cannot invoke &amp;quot;org.openqa.selenium.WebDriver.findElement(org.openqa.selenium.By)&amp;quot; because &amp;quot;com.smarttechqa.stepdef.NegativeLoginStepDefinition.driver&amp;quot; is null">
      <![CDATA[java.lang.NullPointerException: Cannot invoke "org.openqa.selenium.WebDriver.findElement(org.openqa.selenium.By)" because "com.smarttechqa.stepdef.NegativeLoginStepDefinition.driver" is null
at com.smarttechqa.stepdef.NegativeLoginStepDefinition.i_click_on_the_sign_in_button_on_homepage(NegativeLoginStepDefinition.java:25)
at ✽.I click on the sign in button on homepage(file:///C:/Users/tazin/git/repository/Techshop_Project/Features/NegativeTestingLogin.feature:7)
]]>
    </failure>
  </testcase> <!-- runScenario -->
</testsuite> <!-- Default test -->
